<?xml version="1.0" encoding="UTF-8"?>
<!-- Generated by org.testng.reporters.JUnitReportReporter -->
<testsuite hostname="Rakshitas-MacBook-Pro.local" failures="0" tests="1" name="GoogleApi.GoogleApiTest" time="4.079" errors="0" timestamp="2025-02-08T15:32:49 IST" skipped="0">
  <testcase classname="GoogleApi.GoogleApiTest" name="testAddPlace" time="4.079"/>
</testsuite> <!-- GoogleApi.GoogleApiTest -->
